<?xml version="1.0" encoding="UTF-8"?>
<!-- Generated by org.testng.reporters.JUnitXMLReporter -->
<testsuite hostname="DESKTOP-KJ4U1G6" ignored="0" name="ShopBagPageTest" tests="3" failures="0" timestamp="14 Jan 2020 06:32:41 GMT" time="61.385" errors="0">
  <testcase name="titleTest" time="0.157" classname="org.br.test.ShopBagPageTest"/>
  <testcase name="checkProductDetailTest" time="0.122" classname="org.br.test.ShopBagPageTest"/>
  <testcase name="clickCheckoutTest" time="7.764" classname="org.br.test.ShopBagPageTest"/>
</testsuite> <!-- ShopBagPageTest -->
