<?xml version="1.0" encoding="UTF-8"?>
<!-- Generated by org.testng.reporters.JUnitXMLReporter -->
<testsuite hostname="DESKTOP-KJ4U1G6" ignored="0" name="CheckoutPageTest" tests="5" failures="0" timestamp="10 Jan 2020 02:18:09 GMT" time="40.047" errors="0">
  <testcase name="productDetailActualTest" time="0.168" classname="org.br.test.CheckoutPageTest"/>
  <testcase name="orderSummaryTest" time="0.064" classname="org.br.test.CheckoutPageTest"/>
  <testcase name="guestUserDisplayTest" time="0.199" classname="org.br.test.CheckoutPageTest"/>
  <testcase name="returnUserDisplayTest" time="0.263" classname="org.br.test.CheckoutPageTest"/>
  <testcase name="loginReturnUserTest" time="0.593" classname="org.br.test.CheckoutPageTest"/>
</testsuite> <!-- CheckoutPageTest -->
