<?xml version="1.0" encoding="UTF-8"?>
<!-- Generated by org.testng.reporters.JUnitXMLReporter -->
<testsuite hostname="DESKTOP-KJ4U1G6" ignored="0" name="LoginTest" tests="5" failures="0" timestamp="10 Jan 2020 02:15:38 GMT" time="29.783" errors="0">
  <testcase name="titleTest" time="0.007" classname="org.br.test.LoginPageTest"/>
  <testcase name="loginAccountTest" time="6.61" classname="org.br.test.LoginPageTest"/>
  <testcase name="accountInfoTest" time="0.095" classname="org.br.test.LoginPageTest"/>
  <testcase name="accountDropDownMenuTest" time="0.697" classname="org.br.test.LoginPageTest"/>
  <testcase name="signOutTest" time="2.871" classname="org.br.test.LoginPageTest"/>
</testsuite> <!-- LoginTest -->
