<?xml version="1.0" encoding="UTF-8"?>
<!-- Generated by org.testng.reporters.JUnitXMLReporter -->
<testsuite hostname="DESKTOP-KJ4U1G6" ignored="0" name="ProductPageTest" tests="3" failures="0" timestamp="10 Jan 2020 02:16:42 GMT" time="31.54" errors="0">
  <testcase name="getTitleTest" time="0.011" classname="org.br.test.ProductPageTest"/>
  <testcase name="itemAddToBagTest" time="0.95" classname="org.br.test.ProductPageTest"/>
  <testcase name="getProductDetailTest" time="1.572" classname="org.br.test.ProductPageTest"/>
</testsuite> <!-- ProductPageTest -->
